2020-08-11 21:30:27.871 [main] INFO  com.whut.health_sys.HealthSysApplication - Starting HealthSysApplication on LAPTOP-GDCB5BAF with PID 2828 (F:\JavaProjects\health_sys\target\classes started by HSY in F:\JavaProjects\health_sys)
2020-08-11 21:30:27.871 [main] INFO  com.whut.health_sys.HealthSysApplication - No active profile set, falling back to default profiles: default
2020-08-11 21:30:29.251 [main] INFO  o.s.boot.web.embedded.tomcat.TomcatWebServer - Tomcat initialized with port(s): 8091 (http)
2020-08-11 21:30:29.281 [main] INFO  org.apache.coyote.http11.Http11NioProtocol - Initializing ProtocolHandler ["http-nio-8091"]
2020-08-11 21:30:29.281 [main] INFO  org.apache.catalina.core.StandardService - Starting service [Tomcat]
2020-08-11 21:30:29.281 [main] INFO  org.apache.catalina.core.StandardEngine - Starting Servlet engine: [Apache Tomcat/9.0.37]
2020-08-11 21:30:29.361 [main] INFO  o.a.c.core.ContainerBase.[Tomcat].[localhost].[/] - Initializing Spring embedded WebApplicationContext
2020-08-11 21:30:29.361 [main] INFO  o.s.b.w.s.c.ServletWebServerApplicationContext - Root WebApplicationContext: initialization completed in 1460 ms
2020-08-11 21:30:30.071 [main] INFO  o.s.scheduling.concurrent.ThreadPoolTaskExecutor - Initializing ExecutorService 'applicationTaskExecutor'
2020-08-11 21:30:30.291 [main] INFO  org.apache.coyote.http11.Http11NioProtocol - Starting ProtocolHandler ["http-nio-8091"]
2020-08-11 21:30:30.324 [main] INFO  o.s.boot.web.embedded.tomcat.TomcatWebServer - Tomcat started on port(s): 8091 (http) with context path ''
2020-08-11 21:30:30.341 [main] INFO  com.whut.health_sys.HealthSysApplication - Started HealthSysApplication in 3.502 seconds (JVM running for 4.794)
2020-08-11 21:30:42.061 [main] INFO  com.whut.health_sys.HealthSysApplication - Starting HealthSysApplication on LAPTOP-GDCB5BAF with PID 4856 (F:\JavaProjects\health_sys\target\classes started by HSY in F:\JavaProjects\health_sys)
2020-08-11 21:30:42.071 [main] INFO  com.whut.health_sys.HealthSysApplication - No active profile set, falling back to default profiles: default
2020-08-11 21:30:42.781 [main] INFO  o.s.boot.web.embedded.tomcat.TomcatWebServer - Tomcat initialized with port(s): 8091 (http)
2020-08-11 21:30:42.791 [main] INFO  org.apache.coyote.http11.Http11NioProtocol - Initializing ProtocolHandler ["http-nio-8091"]
2020-08-11 21:30:42.791 [main] INFO  org.apache.catalina.core.StandardService - Starting service [Tomcat]
2020-08-11 21:30:42.791 [main] INFO  org.apache.catalina.core.StandardEngine - Starting Servlet engine: [Apache Tomcat/9.0.37]
2020-08-11 21:30:42.866 [main] INFO  o.a.c.core.ContainerBase.[Tomcat].[localhost].[/] - Initializing Spring embedded WebApplicationContext
2020-08-11 21:30:42.866 [main] INFO  o.s.b.w.s.c.ServletWebServerApplicationContext - Root WebApplicationContext: initialization completed in 775 ms
2020-08-11 21:30:43.221 [main] INFO  o.s.scheduling.concurrent.ThreadPoolTaskExecutor - Initializing ExecutorService 'applicationTaskExecutor'
2020-08-11 21:30:43.381 [main] INFO  org.apache.coyote.http11.Http11NioProtocol - Starting ProtocolHandler ["http-nio-8091"]
2020-08-11 21:30:43.396 [main] INFO  o.s.boot.web.embedded.tomcat.TomcatWebServer - Tomcat started on port(s): 8091 (http) with context path ''
2020-08-11 21:30:43.411 [main] INFO  com.whut.health_sys.HealthSysApplication - Started HealthSysApplication in 1.653 seconds (JVM running for 3.314)
2020-08-11 21:31:55.323 [http-nio-8091-exec-1] INFO  o.a.c.core.ContainerBase.[Tomcat].[localhost].[/] - Initializing Spring DispatcherServlet 'dispatcherServlet'
2020-08-11 21:31:55.323 [http-nio-8091-exec-1] INFO  org.springframework.web.servlet.DispatcherServlet - Initializing Servlet 'dispatcherServlet'
2020-08-11 21:31:55.326 [http-nio-8091-exec-1] INFO  org.springframework.web.servlet.DispatcherServlet - Completed initialization in 3 ms
2020-08-11 21:31:55.451 [http-nio-8091-exec-1] INFO  com.alibaba.druid.pool.DruidDataSource - {dataSource-1} inited
2020-08-11 21:36:59.342 [main] INFO  com.whut.health_sys.HealthSysApplication - Starting HealthSysApplication on LAPTOP-GDCB5BAF with PID 16780 (F:\JavaProjects\health_sys\target\classes started by HSY in F:\JavaProjects\health_sys)
2020-08-11 21:36:59.344 [main] INFO  com.whut.health_sys.HealthSysApplication - No active profile set, falling back to default profiles: default
2020-08-11 21:37:00.153 [main] INFO  o.s.boot.web.embedded.tomcat.TomcatWebServer - Tomcat initialized with port(s): 8091 (http)
2020-08-11 21:37:00.159 [main] INFO  org.apache.coyote.http11.Http11NioProtocol - Initializing ProtocolHandler ["http-nio-8091"]
2020-08-11 21:37:00.160 [main] INFO  org.apache.catalina.core.StandardService - Starting service [Tomcat]
2020-08-11 21:37:00.160 [main] INFO  org.apache.catalina.core.StandardEngine - Starting Servlet engine: [Apache Tomcat/9.0.37]
2020-08-11 21:37:00.238 [main] INFO  o.a.c.core.ContainerBase.[Tomcat].[localhost].[/] - Initializing Spring embedded WebApplicationContext
2020-08-11 21:37:00.238 [main] INFO  o.s.b.w.s.c.ServletWebServerApplicationContext - Root WebApplicationContext: initialization completed in 848 ms
2020-08-11 21:37:00.568 [main] INFO  o.s.scheduling.concurrent.ThreadPoolTaskExecutor - Initializing ExecutorService 'applicationTaskExecutor'
2020-08-11 21:37:00.706 [main] INFO  org.apache.coyote.http11.Http11NioProtocol - Starting ProtocolHandler ["http-nio-8091"]
2020-08-11 21:37:00.722 [main] INFO  o.s.boot.web.embedded.tomcat.TomcatWebServer - Tomcat started on port(s): 8091 (http) with context path ''
2020-08-11 21:37:00.729 [main] INFO  com.whut.health_sys.HealthSysApplication - Started HealthSysApplication in 1.821 seconds (JVM running for 2.831)
2020-08-11 21:37:14.096 [http-nio-8091-exec-1] INFO  o.a.c.core.ContainerBase.[Tomcat].[localhost].[/] - Initializing Spring DispatcherServlet 'dispatcherServlet'
2020-08-11 21:37:14.097 [http-nio-8091-exec-1] INFO  org.springframework.web.servlet.DispatcherServlet - Initializing Servlet 'dispatcherServlet'
2020-08-11 21:37:14.101 [http-nio-8091-exec-1] INFO  org.springframework.web.servlet.DispatcherServlet - Completed initialization in 4 ms
2020-08-11 21:37:14.164 [http-nio-8091-exec-1] INFO  com.alibaba.druid.pool.DruidDataSource - {dataSource-1} inited
2020-08-11 21:37:30.398 [main] INFO  com.whut.health_sys.HealthSysApplication - Starting HealthSysApplication on LAPTOP-GDCB5BAF with PID 10440 (F:\JavaProjects\health_sys\target\classes started by HSY in F:\JavaProjects\health_sys)
2020-08-11 21:37:30.402 [main] INFO  com.whut.health_sys.HealthSysApplication - No active profile set, falling back to default profiles: default
2020-08-11 21:37:31.214 [main] INFO  o.s.boot.web.embedded.tomcat.TomcatWebServer - Tomcat initialized with port(s): 8091 (http)
2020-08-11 21:37:31.221 [main] INFO  org.apache.coyote.http11.Http11NioProtocol - Initializing ProtocolHandler ["http-nio-8091"]
2020-08-11 21:37:31.221 [main] INFO  org.apache.catalina.core.StandardService - Starting service [Tomcat]
2020-08-11 21:37:31.221 [main] INFO  org.apache.catalina.core.StandardEngine - Starting Servlet engine: [Apache Tomcat/9.0.37]
2020-08-11 21:37:31.292 [main] INFO  o.a.c.core.ContainerBase.[Tomcat].[localhost].[/] - Initializing Spring embedded WebApplicationContext
2020-08-11 21:37:31.293 [main] INFO  o.s.b.w.s.c.ServletWebServerApplicationContext - Root WebApplicationContext: initialization completed in 837 ms
2020-08-11 21:37:31.717 [main] INFO  o.s.scheduling.concurrent.ThreadPoolTaskExecutor - Initializing ExecutorService 'applicationTaskExecutor'
2020-08-11 21:37:31.870 [main] INFO  org.apache.coyote.http11.Http11NioProtocol - Starting ProtocolHandler ["http-nio-8091"]
2020-08-11 21:37:31.887 [main] INFO  o.s.boot.web.embedded.tomcat.TomcatWebServer - Tomcat started on port(s): 8091 (http) with context path ''
2020-08-11 21:37:31.895 [main] INFO  com.whut.health_sys.HealthSysApplication - Started HealthSysApplication in 1.906 seconds (JVM running for 3.059)
2020-08-11 21:37:47.073 [http-nio-8091-exec-1] INFO  o.a.c.core.ContainerBase.[Tomcat].[localhost].[/] - Initializing Spring DispatcherServlet 'dispatcherServlet'
2020-08-11 21:37:47.073 [http-nio-8091-exec-1] INFO  org.springframework.web.servlet.DispatcherServlet - Initializing Servlet 'dispatcherServlet'
2020-08-11 21:37:47.076 [http-nio-8091-exec-1] INFO  org.springframework.web.servlet.DispatcherServlet - Completed initialization in 3 ms
2020-08-11 21:37:47.136 [http-nio-8091-exec-1] INFO  com.alibaba.druid.pool.DruidDataSource - {dataSource-1} inited
2020-08-11 21:38:44.888 [main] INFO  com.whut.health_sys.HealthSysApplication - Starting HealthSysApplication on LAPTOP-GDCB5BAF with PID 13572 (F:\JavaProjects\health_sys\target\classes started by HSY in F:\JavaProjects\health_sys)
2020-08-11 21:38:44.891 [main] INFO  com.whut.health_sys.HealthSysApplication - No active profile set, falling back to default profiles: default
2020-08-11 21:38:45.705 [main] INFO  o.s.boot.web.embedded.tomcat.TomcatWebServer - Tomcat initialized with port(s): 8091 (http)
2020-08-11 21:38:45.711 [main] INFO  org.apache.coyote.http11.Http11NioProtocol - Initializing ProtocolHandler ["http-nio-8091"]
2020-08-11 21:38:45.711 [main] INFO  org.apache.catalina.core.StandardService - Starting service [Tomcat]
2020-08-11 21:38:45.711 [main] INFO  org.apache.catalina.core.StandardEngine - Starting Servlet engine: [Apache Tomcat/9.0.37]
2020-08-11 21:38:45.791 [main] INFO  o.a.c.core.ContainerBase.[Tomcat].[localhost].[/] - Initializing Spring embedded WebApplicationContext
2020-08-11 21:38:45.791 [main] INFO  o.s.b.w.s.c.ServletWebServerApplicationContext - Root WebApplicationContext: initialization completed in 847 ms
2020-08-11 21:38:46.120 [main] INFO  o.s.scheduling.concurrent.ThreadPoolTaskExecutor - Initializing ExecutorService 'applicationTaskExecutor'
2020-08-11 21:38:46.250 [main] INFO  org.apache.coyote.http11.Http11NioProtocol - Starting ProtocolHandler ["http-nio-8091"]
2020-08-11 21:38:46.267 [main] INFO  o.s.boot.web.embedded.tomcat.TomcatWebServer - Tomcat started on port(s): 8091 (http) with context path ''
2020-08-11 21:38:46.275 [main] INFO  com.whut.health_sys.HealthSysApplication - Started HealthSysApplication in 1.733 seconds (JVM running for 2.698)
2020-08-11 21:38:49.229 [http-nio-8091-exec-1] INFO  o.a.c.core.ContainerBase.[Tomcat].[localhost].[/] - Initializing Spring DispatcherServlet 'dispatcherServlet'
2020-08-11 21:38:49.229 [http-nio-8091-exec-1] INFO  org.springframework.web.servlet.DispatcherServlet - Initializing Servlet 'dispatcherServlet'
2020-08-11 21:38:49.232 [http-nio-8091-exec-1] INFO  org.springframework.web.servlet.DispatcherServlet - Completed initialization in 3 ms
2020-08-11 21:38:49.292 [http-nio-8091-exec-1] INFO  com.alibaba.druid.pool.DruidDataSource - {dataSource-1} inited
2020-08-11 21:42:47.038 [main] INFO  com.whut.health_sys.HealthSysApplication - Starting HealthSysApplication on LAPTOP-GDCB5BAF with PID 11792 (F:\JavaProjects\health_sys\target\classes started by HSY in F:\JavaProjects\health_sys)
2020-08-11 21:42:47.041 [main] INFO  com.whut.health_sys.HealthSysApplication - No active profile set, falling back to default profiles: default
2020-08-11 21:42:47.921 [main] INFO  o.s.boot.web.embedded.tomcat.TomcatWebServer - Tomcat initialized with port(s): 8091 (http)
2020-08-11 21:42:47.934 [main] INFO  org.apache.coyote.http11.Http11NioProtocol - Initializing ProtocolHandler ["http-nio-8091"]
2020-08-11 21:42:47.935 [main] INFO  org.apache.catalina.core.StandardService - Starting service [Tomcat]
2020-08-11 21:42:47.935 [main] INFO  org.apache.catalina.core.StandardEngine - Starting Servlet engine: [Apache Tomcat/9.0.37]
2020-08-11 21:42:48.019 [main] INFO  o.a.c.core.ContainerBase.[Tomcat].[localhost].[/] - Initializing Spring embedded WebApplicationContext
2020-08-11 21:42:48.020 [main] INFO  o.s.b.w.s.c.ServletWebServerApplicationContext - Root WebApplicationContext: initialization completed in 927 ms
2020-08-11 21:42:48.423 [main] INFO  o.s.scheduling.concurrent.ThreadPoolTaskExecutor - Initializing ExecutorService 'applicationTaskExecutor'
2020-08-11 21:42:48.604 [main] INFO  org.apache.coyote.http11.Http11NioProtocol - Starting ProtocolHandler ["http-nio-8091"]
2020-08-11 21:42:48.623 [main] INFO  o.s.boot.web.embedded.tomcat.TomcatWebServer - Tomcat started on port(s): 8091 (http) with context path ''
2020-08-11 21:42:48.631 [main] INFO  com.whut.health_sys.HealthSysApplication - Started HealthSysApplication in 1.956 seconds (JVM running for 2.931)
2020-08-11 21:42:50.522 [http-nio-8091-exec-1] INFO  o.a.c.core.ContainerBase.[Tomcat].[localhost].[/] - Initializing Spring DispatcherServlet 'dispatcherServlet'
2020-08-11 21:42:50.523 [http-nio-8091-exec-1] INFO  org.springframework.web.servlet.DispatcherServlet - Initializing Servlet 'dispatcherServlet'
2020-08-11 21:42:50.526 [http-nio-8091-exec-1] INFO  org.springframework.web.servlet.DispatcherServlet - Completed initialization in 3 ms
2020-08-11 21:42:50.592 [http-nio-8091-exec-1] INFO  com.alibaba.druid.pool.DruidDataSource - {dataSource-1} inited
