2020-08-16 15:15:48.505 [main] INFO  com.whut.health_sys.HealthSysApplication - Starting HealthSysApplication on LAPTOP-GDCB5BAF with PID 3656 (F:\JavaProjects\health_sys\target\classes started by HSY in F:\JavaProjects\health_sys)
2020-08-16 15:15:48.510 [main] INFO  com.whut.health_sys.HealthSysApplication - No active profile set, falling back to default profiles: default
2020-08-16 15:15:54.577 [main] INFO  o.s.boot.web.embedded.tomcat.TomcatWebServer - Tomcat initialized with port(s): 8091 (http)
2020-08-16 15:15:54.625 [main] INFO  org.apache.coyote.http11.Http11NioProtocol - Initializing ProtocolHandler ["http-nio-8091"]
2020-08-16 15:15:54.626 [main] INFO  org.apache.catalina.core.StandardService - Starting service [Tomcat]
2020-08-16 15:15:54.631 [main] INFO  org.apache.catalina.core.StandardEngine - Starting Servlet engine: [Apache Tomcat/9.0.37]
2020-08-16 15:15:54.840 [main] INFO  o.a.c.core.ContainerBase.[Tomcat].[localhost].[/] - Initializing Spring embedded WebApplicationContext
2020-08-16 15:15:54.841 [main] INFO  o.s.b.w.s.c.ServletWebServerApplicationContext - Root WebApplicationContext: initialization completed in 6140 ms
2020-08-16 15:15:56.406 [main] INFO  o.s.scheduling.concurrent.ThreadPoolTaskExecutor - Initializing ExecutorService 'applicationTaskExecutor'
2020-08-16 15:15:56.654 [main] INFO  org.apache.coyote.http11.Http11NioProtocol - Starting ProtocolHandler ["http-nio-8091"]
2020-08-16 15:15:56.674 [main] INFO  o.s.boot.web.embedded.tomcat.TomcatWebServer - Tomcat started on port(s): 8091 (http) with context path ''
2020-08-16 15:15:56.692 [main] INFO  com.whut.health_sys.HealthSysApplication - Started HealthSysApplication in 9.223 seconds (JVM running for 10.558)
2020-08-16 15:17:02.230 [http-nio-8091-exec-1] INFO  o.a.c.core.ContainerBase.[Tomcat].[localhost].[/] - Initializing Spring DispatcherServlet 'dispatcherServlet'
2020-08-16 15:17:02.230 [http-nio-8091-exec-1] INFO  org.springframework.web.servlet.DispatcherServlet - Initializing Servlet 'dispatcherServlet'
2020-08-16 15:17:02.235 [http-nio-8091-exec-1] INFO  org.springframework.web.servlet.DispatcherServlet - Completed initialization in 5 ms
2020-08-16 15:17:42.689 [http-nio-8091-exec-3] INFO  com.alibaba.druid.pool.DruidDataSource - {dataSource-1} inited
2020-08-16 15:18:56.109 [main] INFO  com.whut.health_sys.HealthSysApplication - Starting HealthSysApplication on LAPTOP-GDCB5BAF with PID 16048 (F:\JavaProjects\health_sys\target\classes started by HSY in F:\JavaProjects\health_sys)
2020-08-16 15:18:56.116 [main] INFO  com.whut.health_sys.HealthSysApplication - No active profile set, falling back to default profiles: default
2020-08-16 15:18:56.997 [main] INFO  o.s.boot.web.embedded.tomcat.TomcatWebServer - Tomcat initialized with port(s): 8091 (http)
2020-08-16 15:18:57.004 [main] INFO  org.apache.coyote.http11.Http11NioProtocol - Initializing ProtocolHandler ["http-nio-8091"]
2020-08-16 15:18:57.005 [main] INFO  org.apache.catalina.core.StandardService - Starting service [Tomcat]
2020-08-16 15:18:57.005 [main] INFO  org.apache.catalina.core.StandardEngine - Starting Servlet engine: [Apache Tomcat/9.0.37]
2020-08-16 15:18:57.079 [main] INFO  o.a.c.core.ContainerBase.[Tomcat].[localhost].[/] - Initializing Spring embedded WebApplicationContext
2020-08-16 15:18:57.079 [main] INFO  o.s.b.w.s.c.ServletWebServerApplicationContext - Root WebApplicationContext: initialization completed in 907 ms
2020-08-16 15:18:57.473 [main] INFO  o.s.scheduling.concurrent.ThreadPoolTaskExecutor - Initializing ExecutorService 'applicationTaskExecutor'
2020-08-16 15:18:57.608 [main] INFO  org.apache.coyote.http11.Http11NioProtocol - Starting ProtocolHandler ["http-nio-8091"]
2020-08-16 15:18:57.625 [main] INFO  o.s.boot.web.embedded.tomcat.TomcatWebServer - Tomcat started on port(s): 8091 (http) with context path ''
2020-08-16 15:18:57.632 [main] INFO  com.whut.health_sys.HealthSysApplication - Started HealthSysApplication in 1.977 seconds (JVM running for 3.052)
2020-08-16 15:19:01.600 [http-nio-8091-exec-1] INFO  o.a.c.core.ContainerBase.[Tomcat].[localhost].[/] - Initializing Spring DispatcherServlet 'dispatcherServlet'
2020-08-16 15:19:01.600 [http-nio-8091-exec-1] INFO  org.springframework.web.servlet.DispatcherServlet - Initializing Servlet 'dispatcherServlet'
2020-08-16 15:19:01.604 [http-nio-8091-exec-1] INFO  org.springframework.web.servlet.DispatcherServlet - Completed initialization in 3 ms
2020-08-16 15:19:01.661 [http-nio-8091-exec-1] INFO  com.alibaba.druid.pool.DruidDataSource - {dataSource-1} inited
2020-08-16 15:20:18.475 [main] INFO  com.whut.health_sys.HealthSysApplication - Starting HealthSysApplication on LAPTOP-GDCB5BAF with PID 1436 (F:\JavaProjects\health_sys\target\classes started by HSY in F:\JavaProjects\health_sys)
2020-08-16 15:20:18.477 [main] INFO  com.whut.health_sys.HealthSysApplication - No active profile set, falling back to default profiles: default
2020-08-16 15:20:19.333 [main] INFO  o.s.boot.web.embedded.tomcat.TomcatWebServer - Tomcat initialized with port(s): 8091 (http)
2020-08-16 15:20:19.340 [main] INFO  org.apache.coyote.http11.Http11NioProtocol - Initializing ProtocolHandler ["http-nio-8091"]
2020-08-16 15:20:19.340 [main] INFO  org.apache.catalina.core.StandardService - Starting service [Tomcat]
2020-08-16 15:20:19.340 [main] INFO  org.apache.catalina.core.StandardEngine - Starting Servlet engine: [Apache Tomcat/9.0.37]
2020-08-16 15:20:19.417 [main] INFO  o.a.c.core.ContainerBase.[Tomcat].[localhost].[/] - Initializing Spring embedded WebApplicationContext
2020-08-16 15:20:19.417 [main] INFO  o.s.b.w.s.c.ServletWebServerApplicationContext - Root WebApplicationContext: initialization completed in 899 ms
2020-08-16 15:20:19.871 [main] INFO  o.s.scheduling.concurrent.ThreadPoolTaskExecutor - Initializing ExecutorService 'applicationTaskExecutor'
2020-08-16 15:20:20.048 [main] INFO  org.apache.coyote.http11.Http11NioProtocol - Starting ProtocolHandler ["http-nio-8091"]
2020-08-16 15:20:20.116 [main] INFO  o.s.boot.web.embedded.tomcat.TomcatWebServer - Tomcat started on port(s): 8091 (http) with context path ''
2020-08-16 15:20:20.124 [main] INFO  com.whut.health_sys.HealthSysApplication - Started HealthSysApplication in 2.177 seconds (JVM running for 3.453)
2020-08-16 15:20:22.179 [http-nio-8091-exec-1] INFO  o.a.c.core.ContainerBase.[Tomcat].[localhost].[/] - Initializing Spring DispatcherServlet 'dispatcherServlet'
2020-08-16 15:20:22.179 [http-nio-8091-exec-1] INFO  org.springframework.web.servlet.DispatcherServlet - Initializing Servlet 'dispatcherServlet'
2020-08-16 15:20:22.185 [http-nio-8091-exec-1] INFO  org.springframework.web.servlet.DispatcherServlet - Completed initialization in 6 ms
2020-08-16 15:20:22.250 [http-nio-8091-exec-1] INFO  com.alibaba.druid.pool.DruidDataSource - {dataSource-1} inited
2020-08-16 15:21:01.107 [SpringContextShutdownHook] INFO  o.s.scheduling.concurrent.ThreadPoolTaskExecutor - Shutting down ExecutorService 'applicationTaskExecutor'
2020-08-16 15:21:01.110 [SpringContextShutdownHook] INFO  com.alibaba.druid.pool.DruidDataSource - {dataSource-1} closed
2020-08-16 15:21:17.558 [main] INFO  com.whut.health_sys.HealthSysApplication - Starting HealthSysApplication on LAPTOP-GDCB5BAF with PID 16268 (F:\JavaProjects\health_sys\target\classes started by HSY in F:\JavaProjects\health_sys)
2020-08-16 15:21:17.562 [main] INFO  com.whut.health_sys.HealthSysApplication - No active profile set, falling back to default profiles: default
2020-08-16 15:21:18.416 [main] INFO  o.s.boot.web.embedded.tomcat.TomcatWebServer - Tomcat initialized with port(s): 8091 (http)
2020-08-16 15:21:18.423 [main] INFO  org.apache.coyote.http11.Http11NioProtocol - Initializing ProtocolHandler ["http-nio-8091"]
2020-08-16 15:21:18.424 [main] INFO  org.apache.catalina.core.StandardService - Starting service [Tomcat]
2020-08-16 15:21:18.424 [main] INFO  org.apache.catalina.core.StandardEngine - Starting Servlet engine: [Apache Tomcat/9.0.37]
2020-08-16 15:21:18.520 [main] INFO  o.a.c.core.ContainerBase.[Tomcat].[localhost].[/] - Initializing Spring embedded WebApplicationContext
2020-08-16 15:21:18.520 [main] INFO  o.s.b.w.s.c.ServletWebServerApplicationContext - Root WebApplicationContext: initialization completed in 904 ms
2020-08-16 15:21:18.921 [main] INFO  o.s.scheduling.concurrent.ThreadPoolTaskExecutor - Initializing ExecutorService 'applicationTaskExecutor'
2020-08-16 15:21:19.076 [main] INFO  org.apache.coyote.http11.Http11NioProtocol - Starting ProtocolHandler ["http-nio-8091"]
2020-08-16 15:21:19.095 [main] INFO  o.s.boot.web.embedded.tomcat.TomcatWebServer - Tomcat started on port(s): 8091 (http) with context path ''
2020-08-16 15:21:19.103 [main] INFO  com.whut.health_sys.HealthSysApplication - Started HealthSysApplication in 1.895 seconds (JVM running for 2.808)
2020-08-16 15:21:20.786 [http-nio-8091-exec-1] INFO  o.a.c.core.ContainerBase.[Tomcat].[localhost].[/] - Initializing Spring DispatcherServlet 'dispatcherServlet'
2020-08-16 15:21:20.786 [http-nio-8091-exec-1] INFO  org.springframework.web.servlet.DispatcherServlet - Initializing Servlet 'dispatcherServlet'
2020-08-16 15:21:20.789 [http-nio-8091-exec-1] INFO  org.springframework.web.servlet.DispatcherServlet - Completed initialization in 3 ms
2020-08-16 15:21:20.840 [http-nio-8091-exec-1] INFO  com.alibaba.druid.pool.DruidDataSource - {dataSource-1} inited
2020-08-16 15:25:27.472 [main] INFO  com.whut.health_sys.HealthSysApplication - Starting HealthSysApplication on LAPTOP-GDCB5BAF with PID 12892 (F:\JavaProjects\health_sys\target\classes started by HSY in F:\JavaProjects\health_sys)
2020-08-16 15:25:27.475 [main] INFO  com.whut.health_sys.HealthSysApplication - No active profile set, falling back to default profiles: default
2020-08-16 15:25:28.273 [main] INFO  o.s.boot.web.embedded.tomcat.TomcatWebServer - Tomcat initialized with port(s): 8091 (http)
2020-08-16 15:25:28.279 [main] INFO  org.apache.coyote.http11.Http11NioProtocol - Initializing ProtocolHandler ["http-nio-8091"]
2020-08-16 15:25:28.280 [main] INFO  org.apache.catalina.core.StandardService - Starting service [Tomcat]
2020-08-16 15:25:28.280 [main] INFO  org.apache.catalina.core.StandardEngine - Starting Servlet engine: [Apache Tomcat/9.0.37]
2020-08-16 15:25:28.353 [main] INFO  o.a.c.core.ContainerBase.[Tomcat].[localhost].[/] - Initializing Spring embedded WebApplicationContext
2020-08-16 15:25:28.353 [main] INFO  o.s.b.w.s.c.ServletWebServerApplicationContext - Root WebApplicationContext: initialization completed in 833 ms
2020-08-16 15:25:28.687 [main] INFO  o.s.scheduling.concurrent.ThreadPoolTaskExecutor - Initializing ExecutorService 'applicationTaskExecutor'
2020-08-16 15:25:28.824 [main] INFO  org.apache.coyote.http11.Http11NioProtocol - Starting ProtocolHandler ["http-nio-8091"]
2020-08-16 15:25:28.841 [main] INFO  o.s.boot.web.embedded.tomcat.TomcatWebServer - Tomcat started on port(s): 8091 (http) with context path ''
2020-08-16 15:25:28.849 [main] INFO  com.whut.health_sys.HealthSysApplication - Started HealthSysApplication in 1.781 seconds (JVM running for 2.879)
2020-08-16 15:25:31.033 [http-nio-8091-exec-1] INFO  o.a.c.core.ContainerBase.[Tomcat].[localhost].[/] - Initializing Spring DispatcherServlet 'dispatcherServlet'
2020-08-16 15:25:31.033 [http-nio-8091-exec-1] INFO  org.springframework.web.servlet.DispatcherServlet - Initializing Servlet 'dispatcherServlet'
2020-08-16 15:25:31.037 [http-nio-8091-exec-1] INFO  org.springframework.web.servlet.DispatcherServlet - Completed initialization in 4 ms
2020-08-16 15:25:31.089 [http-nio-8091-exec-1] INFO  com.alibaba.druid.pool.DruidDataSource - {dataSource-1} inited
2020-08-16 15:35:05.844 [main] INFO  com.whut.health_sys.HealthSysApplication - Starting HealthSysApplication on LAPTOP-GDCB5BAF with PID 6820 (F:\JavaProjects\health_sys\target\classes started by HSY in F:\JavaProjects\health_sys)
2020-08-16 15:35:05.848 [main] INFO  com.whut.health_sys.HealthSysApplication - No active profile set, falling back to default profiles: default
2020-08-16 15:35:06.713 [main] INFO  o.s.boot.web.embedded.tomcat.TomcatWebServer - Tomcat initialized with port(s): 8091 (http)
2020-08-16 15:35:06.719 [main] INFO  org.apache.coyote.http11.Http11NioProtocol - Initializing ProtocolHandler ["http-nio-8091"]
2020-08-16 15:35:06.720 [main] INFO  org.apache.catalina.core.StandardService - Starting service [Tomcat]
2020-08-16 15:35:06.720 [main] INFO  org.apache.catalina.core.StandardEngine - Starting Servlet engine: [Apache Tomcat/9.0.37]
2020-08-16 15:35:06.791 [main] INFO  o.a.c.core.ContainerBase.[Tomcat].[localhost].[/] - Initializing Spring embedded WebApplicationContext
2020-08-16 15:35:06.792 [main] INFO  o.s.b.w.s.c.ServletWebServerApplicationContext - Root WebApplicationContext: initialization completed in 894 ms
2020-08-16 15:35:07.143 [main] INFO  o.s.scheduling.concurrent.ThreadPoolTaskExecutor - Initializing ExecutorService 'applicationTaskExecutor'
2020-08-16 15:35:07.291 [main] INFO  org.apache.coyote.http11.Http11NioProtocol - Starting ProtocolHandler ["http-nio-8091"]
2020-08-16 15:35:07.312 [main] INFO  o.s.boot.web.embedded.tomcat.TomcatWebServer - Tomcat started on port(s): 8091 (http) with context path ''
2020-08-16 15:35:07.319 [main] INFO  com.whut.health_sys.HealthSysApplication - Started HealthSysApplication in 1.888 seconds (JVM running for 2.905)
2020-08-16 15:35:10.087 [http-nio-8091-exec-1] INFO  o.a.c.core.ContainerBase.[Tomcat].[localhost].[/] - Initializing Spring DispatcherServlet 'dispatcherServlet'
2020-08-16 15:35:10.087 [http-nio-8091-exec-1] INFO  org.springframework.web.servlet.DispatcherServlet - Initializing Servlet 'dispatcherServlet'
2020-08-16 15:35:10.090 [http-nio-8091-exec-1] INFO  org.springframework.web.servlet.DispatcherServlet - Completed initialization in 3 ms
2020-08-16 15:35:10.141 [http-nio-8091-exec-1] INFO  com.alibaba.druid.pool.DruidDataSource - {dataSource-1} inited
2020-08-16 15:37:34.862 [main] INFO  com.whut.health_sys.HealthSysApplication - Starting HealthSysApplication on LAPTOP-GDCB5BAF with PID 2820 (F:\JavaProjects\health_sys\target\classes started by HSY in F:\JavaProjects\health_sys)
2020-08-16 15:37:34.865 [main] INFO  com.whut.health_sys.HealthSysApplication - No active profile set, falling back to default profiles: default
2020-08-16 15:37:35.933 [main] INFO  o.s.boot.web.embedded.tomcat.TomcatWebServer - Tomcat initialized with port(s): 8091 (http)
2020-08-16 15:37:35.941 [main] INFO  org.apache.coyote.http11.Http11NioProtocol - Initializing ProtocolHandler ["http-nio-8091"]
2020-08-16 15:37:35.942 [main] INFO  org.apache.catalina.core.StandardService - Starting service [Tomcat]
2020-08-16 15:37:35.942 [main] INFO  org.apache.catalina.core.StandardEngine - Starting Servlet engine: [Apache Tomcat/9.0.37]
2020-08-16 15:37:36.046 [main] INFO  o.a.c.core.ContainerBase.[Tomcat].[localhost].[/] - Initializing Spring embedded WebApplicationContext
2020-08-16 15:37:36.047 [main] INFO  o.s.b.w.s.c.ServletWebServerApplicationContext - Root WebApplicationContext: initialization completed in 1132 ms
2020-08-16 15:37:36.468 [main] INFO  o.s.scheduling.concurrent.ThreadPoolTaskExecutor - Initializing ExecutorService 'applicationTaskExecutor'
2020-08-16 15:37:36.627 [main] INFO  org.apache.coyote.http11.Http11NioProtocol - Starting ProtocolHandler ["http-nio-8091"]
2020-08-16 15:37:36.656 [main] INFO  o.s.boot.web.embedded.tomcat.TomcatWebServer - Tomcat started on port(s): 8091 (http) with context path ''
2020-08-16 15:37:36.666 [main] INFO  com.whut.health_sys.HealthSysApplication - Started HealthSysApplication in 2.227 seconds (JVM running for 3.236)
2020-08-16 15:37:38.813 [http-nio-8091-exec-1] INFO  o.a.c.core.ContainerBase.[Tomcat].[localhost].[/] - Initializing Spring DispatcherServlet 'dispatcherServlet'
2020-08-16 15:37:38.813 [http-nio-8091-exec-1] INFO  org.springframework.web.servlet.DispatcherServlet - Initializing Servlet 'dispatcherServlet'
2020-08-16 15:37:38.816 [http-nio-8091-exec-1] INFO  org.springframework.web.servlet.DispatcherServlet - Completed initialization in 3 ms
2020-08-16 15:37:38.868 [http-nio-8091-exec-1] INFO  com.alibaba.druid.pool.DruidDataSource - {dataSource-1} inited
2020-08-16 15:41:44.924 [main] INFO  com.whut.health_sys.HealthSysApplication - Starting HealthSysApplication on LAPTOP-GDCB5BAF with PID 312 (F:\JavaProjects\health_sys\target\classes started by HSY in F:\JavaProjects\health_sys)
2020-08-16 15:41:44.926 [main] INFO  com.whut.health_sys.HealthSysApplication - No active profile set, falling back to default profiles: default
2020-08-16 15:41:45.751 [main] INFO  o.s.boot.web.embedded.tomcat.TomcatWebServer - Tomcat initialized with port(s): 8091 (http)
2020-08-16 15:41:45.757 [main] INFO  org.apache.coyote.http11.Http11NioProtocol - Initializing ProtocolHandler ["http-nio-8091"]
2020-08-16 15:41:45.758 [main] INFO  org.apache.catalina.core.StandardService - Starting service [Tomcat]
2020-08-16 15:41:45.758 [main] INFO  org.apache.catalina.core.StandardEngine - Starting Servlet engine: [Apache Tomcat/9.0.37]
2020-08-16 15:41:45.832 [main] INFO  o.a.c.core.ContainerBase.[Tomcat].[localhost].[/] - Initializing Spring embedded WebApplicationContext
2020-08-16 15:41:45.832 [main] INFO  o.s.b.w.s.c.ServletWebServerApplicationContext - Root WebApplicationContext: initialization completed in 858 ms
2020-08-16 15:41:46.164 [main] INFO  o.s.scheduling.concurrent.ThreadPoolTaskExecutor - Initializing ExecutorService 'applicationTaskExecutor'
2020-08-16 15:41:46.295 [main] INFO  org.apache.coyote.http11.Http11NioProtocol - Starting ProtocolHandler ["http-nio-8091"]
2020-08-16 15:41:46.311 [main] INFO  o.s.boot.web.embedded.tomcat.TomcatWebServer - Tomcat started on port(s): 8091 (http) with context path ''
2020-08-16 15:41:46.318 [main] INFO  com.whut.health_sys.HealthSysApplication - Started HealthSysApplication in 1.822 seconds (JVM running for 2.806)
2020-08-16 16:05:24.051 [main] INFO  com.whut.health_sys.HealthSysApplication - Starting HealthSysApplication on LAPTOP-GDCB5BAF with PID 672 (F:\JavaProjects\health_sys\target\classes started by HSY in F:\JavaProjects\health_sys)
2020-08-16 16:05:24.054 [main] INFO  com.whut.health_sys.HealthSysApplication - No active profile set, falling back to default profiles: default
2020-08-16 16:05:25.001 [main] INFO  o.s.boot.web.embedded.tomcat.TomcatWebServer - Tomcat initialized with port(s): 8091 (http)
2020-08-16 16:05:25.019 [main] INFO  org.apache.coyote.http11.Http11NioProtocol - Initializing ProtocolHandler ["http-nio-8091"]
2020-08-16 16:05:25.020 [main] INFO  org.apache.catalina.core.StandardService - Starting service [Tomcat]
2020-08-16 16:05:25.020 [main] INFO  org.apache.catalina.core.StandardEngine - Starting Servlet engine: [Apache Tomcat/9.0.37]
2020-08-16 16:05:25.140 [main] INFO  o.a.c.core.ContainerBase.[Tomcat].[localhost].[/] - Initializing Spring embedded WebApplicationContext
2020-08-16 16:05:25.140 [main] INFO  o.s.b.w.s.c.ServletWebServerApplicationContext - Root WebApplicationContext: initialization completed in 1038 ms
2020-08-16 16:05:25.558 [main] INFO  o.s.scheduling.concurrent.ThreadPoolTaskExecutor - Initializing ExecutorService 'applicationTaskExecutor'
2020-08-16 16:05:25.704 [main] INFO  org.apache.coyote.http11.Http11NioProtocol - Starting ProtocolHandler ["http-nio-8091"]
2020-08-16 16:05:25.721 [main] INFO  o.s.boot.web.embedded.tomcat.TomcatWebServer - Tomcat started on port(s): 8091 (http) with context path ''
2020-08-16 16:05:25.728 [main] INFO  com.whut.health_sys.HealthSysApplication - Started HealthSysApplication in 2.037 seconds (JVM running for 3.041)
2020-08-16 16:06:07.477 [http-nio-8091-exec-1] INFO  o.a.c.core.ContainerBase.[Tomcat].[localhost].[/] - Initializing Spring DispatcherServlet 'dispatcherServlet'
2020-08-16 16:06:07.477 [http-nio-8091-exec-1] INFO  org.springframework.web.servlet.DispatcherServlet - Initializing Servlet 'dispatcherServlet'
2020-08-16 16:06:07.480 [http-nio-8091-exec-1] INFO  org.springframework.web.servlet.DispatcherServlet - Completed initialization in 3 ms
2020-08-16 16:06:07.527 [http-nio-8091-exec-1] INFO  com.alibaba.druid.pool.DruidDataSource - {dataSource-1} inited
2020-08-16 16:10:57.571 [main] INFO  com.whut.health_sys.HealthSysApplicationTests - Starting HealthSysApplicationTests on LAPTOP-GDCB5BAF with PID 13444 (started by HSY in F:\JavaProjects\health_sys)
2020-08-16 16:10:57.572 [main] INFO  com.whut.health_sys.HealthSysApplicationTests - No active profile set, falling back to default profiles: default
2020-08-16 16:10:59.381 [main] INFO  o.s.scheduling.concurrent.ThreadPoolTaskExecutor - Initializing ExecutorService 'applicationTaskExecutor'
2020-08-16 16:10:59.876 [main] INFO  com.whut.health_sys.HealthSysApplicationTests - Started HealthSysApplicationTests in 2.746 seconds (JVM running for 3.778)
2020-08-16 16:11:00.294 [SpringContextShutdownHook] INFO  o.s.scheduling.concurrent.ThreadPoolTaskExecutor - Shutting down ExecutorService 'applicationTaskExecutor'
