2020-08-03 16:23:15.291 [main] INFO  com.whut.health_sys.HealthSysApplication - Starting HealthSysApplication on LAPTOP-GDCB5BAF with PID 9164 (F:\JavaProjects\health_sys\target\classes started by HSY in F:\JavaProjects\health_sys)
2020-08-03 16:23:15.294 [main] INFO  com.whut.health_sys.HealthSysApplication - No active profile set, falling back to default profiles: default
2020-08-03 16:23:16.658 [main] INFO  o.s.boot.web.embedded.tomcat.TomcatWebServer - Tomcat initialized with port(s): 8091 (http)
2020-08-03 16:23:16.666 [main] INFO  org.apache.coyote.http11.Http11NioProtocol - Initializing ProtocolHandler ["http-nio-8091"]
2020-08-03 16:23:16.666 [main] INFO  org.apache.catalina.core.StandardService - Starting service [Tomcat]
2020-08-03 16:23:16.666 [main] INFO  org.apache.catalina.core.StandardEngine - Starting Servlet engine: [Apache Tomcat/9.0.37]
2020-08-03 16:23:16.749 [main] INFO  o.a.c.core.ContainerBase.[Tomcat].[localhost].[/] - Initializing Spring embedded WebApplicationContext
2020-08-03 16:23:16.750 [main] INFO  o.s.b.w.s.c.ServletWebServerApplicationContext - Root WebApplicationContext: initialization completed in 1424 ms
2020-08-03 16:23:17.778 [main] INFO  o.s.scheduling.concurrent.ThreadPoolTaskExecutor - Initializing ExecutorService 'applicationTaskExecutor'
2020-08-03 16:23:18.221 [main] INFO  org.apache.coyote.http11.Http11NioProtocol - Starting ProtocolHandler ["http-nio-8091"]
2020-08-03 16:23:18.275 [main] INFO  o.s.boot.web.embedded.tomcat.TomcatWebServer - Tomcat started on port(s): 8091 (http) with context path ''
2020-08-03 16:23:18.299 [main] INFO  com.whut.health_sys.HealthSysApplication - Started HealthSysApplication in 3.815 seconds (JVM running for 5.339)
2020-08-03 16:23:32.431 [http-nio-8091-exec-3] INFO  o.a.c.core.ContainerBase.[Tomcat].[localhost].[/] - Initializing Spring DispatcherServlet 'dispatcherServlet'
2020-08-03 16:23:32.432 [http-nio-8091-exec-3] INFO  org.springframework.web.servlet.DispatcherServlet - Initializing Servlet 'dispatcherServlet'
2020-08-03 16:23:32.435 [http-nio-8091-exec-3] INFO  org.springframework.web.servlet.DispatcherServlet - Completed initialization in 3 ms
2020-08-03 16:24:25.566 [main] INFO  com.whut.health_sys.HealthSysApplication - Starting HealthSysApplication on LAPTOP-GDCB5BAF with PID 1888 (F:\JavaProjects\health_sys\target\classes started by HSY in F:\JavaProjects\health_sys)
2020-08-03 16:24:25.570 [main] INFO  com.whut.health_sys.HealthSysApplication - No active profile set, falling back to default profiles: default
2020-08-03 16:24:26.499 [main] INFO  o.s.boot.web.embedded.tomcat.TomcatWebServer - Tomcat initialized with port(s): 8091 (http)
2020-08-03 16:24:26.505 [main] INFO  org.apache.coyote.http11.Http11NioProtocol - Initializing ProtocolHandler ["http-nio-8091"]
2020-08-03 16:24:26.506 [main] INFO  org.apache.catalina.core.StandardService - Starting service [Tomcat]
2020-08-03 16:24:26.506 [main] INFO  org.apache.catalina.core.StandardEngine - Starting Servlet engine: [Apache Tomcat/9.0.37]
2020-08-03 16:24:26.580 [main] INFO  o.a.c.core.ContainerBase.[Tomcat].[localhost].[/] - Initializing Spring embedded WebApplicationContext
2020-08-03 16:24:26.580 [main] INFO  o.s.b.w.s.c.ServletWebServerApplicationContext - Root WebApplicationContext: initialization completed in 951 ms
2020-08-03 16:24:26.928 [main] INFO  o.s.scheduling.concurrent.ThreadPoolTaskExecutor - Initializing ExecutorService 'applicationTaskExecutor'
2020-08-03 16:24:27.068 [main] INFO  org.apache.coyote.http11.Http11NioProtocol - Starting ProtocolHandler ["http-nio-8091"]
2020-08-03 16:24:27.087 [main] INFO  o.s.boot.web.embedded.tomcat.TomcatWebServer - Tomcat started on port(s): 8091 (http) with context path ''
2020-08-03 16:24:27.096 [main] INFO  com.whut.health_sys.HealthSysApplication - Started HealthSysApplication in 2.007 seconds (JVM running for 3.009)
2020-08-03 16:24:29.743 [http-nio-8091-exec-1] INFO  o.a.c.core.ContainerBase.[Tomcat].[localhost].[/] - Initializing Spring DispatcherServlet 'dispatcherServlet'
2020-08-03 16:24:29.743 [http-nio-8091-exec-1] INFO  org.springframework.web.servlet.DispatcherServlet - Initializing Servlet 'dispatcherServlet'
2020-08-03 16:24:29.746 [http-nio-8091-exec-1] INFO  org.springframework.web.servlet.DispatcherServlet - Completed initialization in 3 ms
2020-08-03 16:24:29.893 [http-nio-8091-exec-1] INFO  com.alibaba.druid.pool.DruidDataSource - {dataSource-1} inited
2020-08-03 16:25:09.109 [main] INFO  com.whut.health_sys.HealthSysApplicationTests - Starting HealthSysApplicationTests on LAPTOP-GDCB5BAF with PID 7132 (started by HSY in F:\JavaProjects\health_sys)
2020-08-03 16:25:09.110 [main] INFO  com.whut.health_sys.HealthSysApplicationTests - No active profile set, falling back to default profiles: default
2020-08-03 16:25:10.751 [main] INFO  o.s.scheduling.concurrent.ThreadPoolTaskExecutor - Initializing ExecutorService 'applicationTaskExecutor'
2020-08-03 16:25:11.174 [main] INFO  com.whut.health_sys.HealthSysApplicationTests - Started HealthSysApplicationTests in 2.475 seconds (JVM running for 3.476)
2020-08-03 16:25:11.545 [SpringContextShutdownHook] INFO  o.s.scheduling.concurrent.ThreadPoolTaskExecutor - Shutting down ExecutorService 'applicationTaskExecutor'
